<?xml version="1.0" encoding="UTF-8"?>
<!-- Generated by org.testng.reporters.JUnitXMLReporter -->
<testsuite ignored="0" hostname="PE-HO-ATH-243" failures="1" tests="3" name="Test" time="57.157" errors="0" timestamp="2022-03-02T15:56:53 COT">
  <testcase classname="test.runTest" name="PruebaMercadoLibre" time="0.026"/>
  <testcase classname="test.runTest" name="pruebaMercury" time="46.222">
    <failure type="java.lang.InterruptedException">
      <![CDATA[java.lang.InterruptedException
at base.ClaseBase.click(ClaseBase.java:107)
at pagObjetGuru.PagsObjetGuru.register(PagsObjetGuru.java:52)
at test.runTest.pruebaMercury(runTest.java:149)
at java.base/java.util.ArrayList.forEach(ArrayList.java:1540)
... Removed 27 stack frames]]>
    </failure>
  </testcase> <!-- pruebaMercury -->
  <testcase classname="test.runTest" name="pruebaToolsQA" time="0.006"/>
</testsuite> <!-- Test -->
